-encoding
UTF-8
-outxml
-source
6
-target
6
-classpath
C:\Users\sbhattacharjee\.m2\repository\antlr\antlr\2.7.7\antlr-2.7.7.jar;C:\Users\sbhattacharjee\.m2\repository\aopalliance\aopalliance\1.0\aopalliance-1.0.jar;C:\Users\sbhattacharjee\.m2\repository\avalon-framework\avalon-framework\4.1.3\avalon-framework-4.1.3.jar;C:\Users\sbhattacharjee\.m2\repository\cglib\cglib-nodep\2.2.2\cglib-nodep-2.2.2.jar;C:\Users\sbhattacharjee\.m2\repository\com\google\code\findbugs\jsr305\1.3.9\jsr305-1.3.9.jar;C:\Users\sbhattacharjee\.m2\repository\com\google\guava\guava\11.0.1\guava-11.0.1.jar;C:\Users\sbhattacharjee\.m2\repository\commons-beanutils\commons-beanutils\1.8.3\commons-beanutils-1.8.3.jar;C:\Users\sbhattacharjee\.m2\repository\commons-codec\commons-codec\1.5\commons-codec-1.5.jar;C:\Users\sbhattacharjee\.m2\repository\commons-collections\commons-collections\3.2.1\commons-collections-3.2.1.jar;C:\Users\sbhattacharjee\.m2\repository\commons-dbcp\commons-dbcp\1.3\commons-dbcp-1.3.jar;C:\Users\sbhattacharjee\.m2\repository\commons-digester\commons-digester\2.1\commons-digester-2.1.jar;C:\Users\sbhattacharjee\.m2\repository\commons-fileupload\commons-fileupload\1.2.2\commons-fileupload-1.2.2.jar;C:\Users\sbhattacharjee\.m2\repository\commons-io\commons-io\1.3.2\commons-io-1.3.2.jar;C:\Users\sbhattacharjee\.m2\repository\commons-logging\commons-logging\1.1\commons-logging-1.1.jar;C:\Users\sbhattacharjee\.m2\repository\commons-pool\commons-pool\1.5.6\commons-pool-1.5.6.jar;C:\Users\sbhattacharjee\.m2\repository\dom4j\dom4j\1.6.1\dom4j-1.6.1.jar;C:\Users\sbhattacharjee\.m2\repository\io\netty\netty\3.5.2.Final\netty-3.5.2.Final.jar;C:\Users\sbhattacharjee\.m2\repository\javax\el\el-api\2.2\el-api-2.2.jar;C:\Users\sbhattacharjee\.m2\repository\javax\servlet\servlet-api\2.5\servlet-api-2.5.jar;C:\Users\sbhattacharjee\.m2\repository\javax\servlet\jsp\jsp-api\2.1\jsp-api-2.1.jar;C:\Users\sbhattacharjee\.m2\repository\javax\servlet\jsp\jstl\jstl-api\1.2\jstl-api-1.2.jar;C:\Users\sbhattacharjee\.m2\repository\javax\transaction\jta\1.1\jta-1.1.jar;C:\Users\sbhattacharjee\.m2\repository\javax\validation\validation-api\1.0.0.GA\validation-api-1.0.0.GA.jar;C:\Users\sbhattacharjee\.m2\repository\joda-time\joda-time\1.6\joda-time-1.6.jar;C:\Users\sbhattacharjee\.m2\repository\junit\junit\4.10\junit-4.10.jar;C:\Users\sbhattacharjee\.m2\repository\log4j\log4j\1.2.16\log4j-1.2.16.jar;C:\Users\sbhattacharjee\.m2\repository\logkit\logkit\1.0.1\logkit-1.0.1.jar;C:\Users\sbhattacharjee\.m2\repository\net\java\dev\jna\jna\3.4.0\jna-3.4.0.jar;C:\Users\sbhattacharjee\.m2\repository\net\java\dev\jna\platform\3.4.0\platform-3.4.0.jar;C:\Users\sbhattacharjee\.m2\repository\net\sf\flexjson\flexjson\2.1\flexjson-2.1.jar;C:\Users\sbhattacharjee\.m2\repository\net\sourceforge\cssparser\cssparser\0.9.11\cssparser-0.9.11.jar;C:\Users\sbhattacharjee\.m2\repository\net\sourceforge\htmlunit\htmlunit\2.13\htmlunit-2.13.jar;C:\Users\sbhattacharjee\.m2\repository\net\sourceforge\htmlunit\htmlunit-core-js\2.13\htmlunit-core-js-2.13.jar;C:\Users\sbhattacharjee\.m2\repository\net\sourceforge\nekohtml\nekohtml\1.9.19\nekohtml-1.9.19.jar;C:\Users\sbhattacharjee\.m2\repository\org\apache\commons\commons-exec\1.1\commons-exec-1.1.jar;C:\Users\sbhattacharjee\.m2\repository\org\apache\commons\commons-lang3\3.1\commons-lang3-3.1.jar;C:\Users\sbhattacharjee\.m2\repository\org\apache\httpcomponents\httpclient\4.3.1\httpclient-4.3.1.jar;C:\Users\sbhattacharjee\.m2\repository\org\apache\httpcomponents\httpcore\4.3\httpcore-4.3.jar;C:\Users\sbhattacharjee\.m2\repository\org\apache\httpcomponents\httpmime\4.3.1\httpmime-4.3.1.jar;C:\Users\sbhattacharjee\.m2\repository\org\apache\poi\ooxml-schemas\1.1\ooxml-schemas-1.1.jar;C:\Users\sbhattacharjee\.m2\repository\org\apache\poi\openxml4j\1.0-beta\openxml4j-1.0-beta.jar;C:\Users\sbhattacharjee\.m2\repository\org\apache\poi\poi\3.9\poi-3.9.jar;C:\Users\sbhattacharjee\.m2\repository\org\apache\poi\poi-contrib\3.6\poi-contrib-3.6.jar;C:\Users\sbhattacharjee\.m2\repository\org\apache\poi\poi-ooxml\3.9\poi-ooxml-3.9.jar;C:\Users\sbhattacharjee\.m2\repository\org\apache\poi\poi-ooxml-schemas\3.9\poi-ooxml-schemas-3.9.jar;C:\Users\sbhattacharjee\.m2\repository\org\apache\poi\poi-scratchpad\3.9\poi-scratchpad-3.9.jar;C:\Users\sbhattacharjee\.m2\repository\org\apache\tiles\tiles-api\2.2.2\tiles-api-2.2.2.jar;C:\Users\sbhattacharjee\.m2\repository\org\apache\tiles\tiles-core\2.2.2\tiles-core-2.2.2.jar;C:\Users\sbhattacharjee\.m2\repository\org\apache\tiles\tiles-jsp\2.2.2\tiles-jsp-2.2.2.jar;C:\Users\sbhattacharjee\.m2\repository\org\apache\tiles\tiles-servlet\2.2.2\tiles-servlet-2.2.2.jar;C:\Users\sbhattacharjee\.m2\repository\org\apache\tiles\tiles-template\2.2.2\tiles-template-2.2.2.jar;C:\Users\sbhattacharjee\.m2\repository\org\apache\xmlbeans\xmlbeans\2.3.0\xmlbeans-2.3.0.jar;C:\Users\sbhattacharjee\.m2\repository\org\aspectj\aspectjrt\1.7.0\aspectjrt-1.7.0.jar;C:\Users\sbhattacharjee\.m2\repository\org\aspectj\aspectjweaver\1.7.0\aspectjweaver-1.7.0.jar;C:\Users\sbhattacharjee\.m2\repository\org\eclipse\jetty\jetty-http\8.1.12.v20130726\jetty-http-8.1.12.v20130726.jar;C:\Users\sbhattacharjee\.m2\repository\org\eclipse\jetty\jetty-io\8.1.12.v20130726\jetty-io-8.1.12.v20130726.jar;C:\Users\sbhattacharjee\.m2\repository\org\eclipse\jetty\jetty-util\8.1.12.v20130726\jetty-util-8.1.12.v20130726.jar;C:\Users\sbhattacharjee\.m2\repository\org\eclipse\jetty\jetty-websocket\8.1.12.v20130726\jetty-websocket-8.1.12.v20130726.jar;C:\Users\sbhattacharjee\.m2\repository\org\glassfish\web\jstl-impl\1.2\jstl-impl-1.2.jar;C:\Users\sbhattacharjee\.m2\repository\org\hibernate\hibernate-core\4.1.8.Final\hibernate-core-4.1.8.Final.jar;C:\Users\sbhattacharjee\.m2\repository\org\hibernate\hibernate-entitymanager\4.1.8.Final\hibernate-entitymanager-4.1.8.Final.jar;C:\Users\sbhattacharjee\.m2\repository\org\hibernate\hibernate-validator\4.3.1.Final\hibernate-validator-4.3.1.Final.jar;C:\Users\sbhattacharjee\.m2\repository\org\hibernate\common\hibernate-commons-annotations\4.0.1.Final\hibernate-commons-annotations-4.0.1.Final.jar;C:\Users\sbhattacharjee\.m2\repository\org\hibernate\javax\persistence\hibernate-jpa-2.0-api\1.0.1.Final\hibernate-jpa-2.0-api-1.0.1.Final.jar;C:\Users\sbhattacharjee\.m2\repository\org\hsqldb\hsqldb\2.2.9\hsqldb-2.2.9.jar;C:\Users\sbhattacharjee\.m2\repository\org\javassist\javassist\3.15.0-GA\javassist-3.15.0-GA.jar;C:\Users\sbhattacharjee\.m2\repository\org\jboss\logging\jboss-logging\3.1.0.GA\jboss-logging-3.1.0.GA.jar;C:\Users\sbhattacharjee\.m2\repository\org\jboss\spec\javax\transaction\jboss-transaction-api_1.1_spec\1.0.0.Final\jboss-transaction-api_1.1_spec-1.0.0.Final.jar;C:\Users\sbhattacharjee\.m2\repository\org\json\json\20080701\json-20080701.jar;C:\Users\sbhattacharjee\.m2\repository\org\seleniumhq\selenium\selenium-android-driver\2.39.0\selenium-android-driver-2.39.0.jar;C:\Users\sbhattacharjee\.m2\repository\org\seleniumhq\selenium\selenium-api\2.19.0\selenium-api-2.19.0.jar;C:\Users\sbhattacharjee\.m2\repository\org\seleniumhq\selenium\selenium-chrome-driver\2.39.0\selenium-chrome-driver-2.39.0.jar;C:\Users\sbhattacharjee\.m2\repository\org\seleniumhq\selenium\selenium-firefox-driver\2.39.0\selenium-firefox-driver-2.39.0.jar;C:\Users\sbhattacharjee\.m2\repository\org\seleniumhq\selenium\selenium-htmlunit-driver\2.39.0\selenium-htmlunit-driver-2.39.0.jar;C:\Users\sbhattacharjee\.m2\repository\org\seleniumhq\selenium\selenium-ie-driver\2.39.0\selenium-ie-driver-2.39.0.jar;C:\Users\sbhattacharjee\.m2\repository\org\seleniumhq\selenium\selenium-iphone-driver\2.39.0\selenium-iphone-driver-2.39.0.jar;C:\Users\sbhattacharjee\.m2\repository\org\seleniumhq\selenium\selenium-java\2.39.0\selenium-java-2.39.0.jar;C:\Users\sbhattacharjee\.m2\repository\org\seleniumhq\selenium\selenium-remote-driver\2.39.0\selenium-remote-driver-2.39.0.jar;C:\Users\sbhattacharjee\.m2\repository\org\seleniumhq\selenium\selenium-safari-driver\2.39.0\selenium-safari-driver-2.39.0.jar;C:\Users\sbhattacharjee\.m2\repository\org\seleniumhq\selenium\selenium-support\2.19.0\selenium-support-2.19.0.jar;C:\Users\sbhattacharjee\.m2\repository\org\slf4j\jcl-over-slf4j\1.7.2\jcl-over-slf4j-1.7.2.jar;C:\Users\sbhattacharjee\.m2\repository\org\slf4j\slf4j-api\1.7.2\slf4j-api-1.7.2.jar;C:\Users\sbhattacharjee\.m2\repository\org\slf4j\slf4j-log4j12\1.7.2\slf4j-log4j12-1.7.2.jar;C:\Users\sbhattacharjee\.m2\repository\org\springframework\spring-aop\3.2.0.RELEASE\spring-aop-3.2.0.RELEASE.jar;C:\Users\sbhattacharjee\.m2\repository\org\springframework\spring-aspects\3.2.0.RELEASE\spring-aspects-3.2.0.RELEASE.jar;C:\Users\sbhattacharjee\.m2\repository\org\springframework\spring-beans\3.2.0.RELEASE\spring-beans-3.2.0.RELEASE.jar;C:\Users\sbhattacharjee\.m2\repository\org\springframework\spring-context\3.2.0.RELEASE\spring-context-3.2.0.RELEASE.jar;C:\Users\sbhattacharjee\.m2\repository\org\springframework\spring-context-support\3.2.0.RELEASE\spring-context-support-3.2.0.RELEASE.jar;C:\Users\sbhattacharjee\.m2\repository\org\springframework\spring-core\3.2.0.RELEASE\spring-core-3.2.0.RELEASE.jar;C:\Users\sbhattacharjee\.m2\repository\org\springframework\spring-expression\3.2.0.RELEASE\spring-expression-3.2.0.RELEASE.jar;C:\Users\sbhattacharjee\.m2\repository\org\springframework\spring-jdbc\3.2.0.RELEASE\spring-jdbc-3.2.0.RELEASE.jar;C:\Users\sbhattacharjee\.m2\repository\org\springframework\spring-orm\3.2.0.RELEASE\spring-orm-3.2.0.RELEASE.jar;C:\Users\sbhattacharjee\.m2\repository\org\springframework\spring-test\3.2.0.RELEASE\spring-test-3.2.0.RELEASE.jar;C:\Users\sbhattacharjee\.m2\repository\org\springframework\spring-tx\3.2.0.RELEASE\spring-tx-3.2.0.RELEASE.jar;C:\Users\sbhattacharjee\.m2\repository\org\springframework\spring-web\3.2.0.RELEASE\spring-web-3.2.0.RELEASE.jar;C:\Users\sbhattacharjee\.m2\repository\org\springframework\spring-webmvc\3.2.0.RELEASE\spring-webmvc-3.2.0.RELEASE.jar;C:\Users\sbhattacharjee\.m2\repository\org\springframework\roo\org.springframework.roo.annotations\1.2.4.RELEASE\org.springframework.roo.annotations-1.2.4.RELEASE.jar;C:\Users\sbhattacharjee\.m2\repository\org\springframework\security\spring-security-acl\3.1.0.RELEASE\spring-security-acl-3.1.0.RELEASE.jar;C:\Users\sbhattacharjee\.m2\repository\org\springframework\security\spring-security-config\3.1.0.RELEASE\spring-security-config-3.1.0.RELEASE.jar;C:\Users\sbhattacharjee\.m2\repository\org\springframework\security\spring-security-core\3.1.0.RELEASE\spring-security-core-3.1.0.RELEASE.jar;C:\Users\sbhattacharjee\.m2\repository\org\springframework\security\spring-security-crypto\3.1.0.RELEASE\spring-security-crypto-3.1.0.RELEASE.jar;C:\Users\sbhattacharjee\.m2\repository\org\springframework\security\spring-security-taglibs\3.1.0.RELEASE\spring-security-taglibs-3.1.0.RELEASE.jar;C:\Users\sbhattacharjee\.m2\repository\org\springframework\security\spring-security-web\3.1.0.RELEASE\spring-security-web-3.1.0.RELEASE.jar;C:\Users\sbhattacharjee\.m2\repository\org\springframework\webflow\spring-js-resources\2.2.1.RELEASE\spring-js-resources-2.2.1.RELEASE.jar;C:\Users\sbhattacharjee\.m2\repository\org\w3c\css\sac\1.3\sac-1.3.jar;C:\Users\sbhattacharjee\.m2\repository\org\webbitserver\webbit\0.4.14\webbit-0.4.14.jar;C:\Users\sbhattacharjee\.m2\repository\stax\stax-api\1.0.1\stax-api-1.0.1.jar;C:\Users\sbhattacharjee\.m2\repository\xalan\serializer\2.7.1\serializer-2.7.1.jar;C:\Users\sbhattacharjee\.m2\repository\xalan\xalan\2.7.1\xalan-2.7.1.jar;C:\Users\sbhattacharjee\.m2\repository\xerces\xercesImpl\2.11.0\xercesImpl-2.11.0.jar;C:\Users\sbhattacharjee\.m2\repository\xml-apis\xml-apis\1.4.01\xml-apis-1.4.01.jar;E:\Development\Dhurva\Dhruva\target\classes
-aspectpath
C:\Users\sbhattacharjee\.m2\repository\org\springframework\spring-aspects\3.2.0.RELEASE\spring-aspects-3.2.0.RELEASE.jar
-d
E:\Development\Dhurva\Dhruva\target\classes
E:\Development\Dhurva\Dhruva\src\main\java\com\systems\dhruva\modal\Client_Roo_Configurable.aj
E:\Development\Dhurva\Dhruva\src\main\java\com\systems\dhruva\modal\Client.java
E:\Development\Dhurva\Dhruva\src\main\java\com\systems\dhruva\modal\Client_Roo_Jpa_ActiveRecord.aj
E:\Development\Dhurva\Dhruva\src\main\java\com\systems\dhruva\modal\ActionStep_Roo_ToString.aj
E:\Development\Dhurva\Dhruva\src\main\java\com\systems\dhruva\web\RemoteDesktopViewController_Roo_Json.aj
E:\Development\Dhurva\Dhruva\src\main\java\com\systems\dhruva\web\helper\ExcelUpload.java
E:\Development\Dhurva\Dhruva\src\main\java\com\systems\dhruva\web\FileUploadController.java
E:\Development\Dhurva\Dhruva\src\main\java\com\systems\dhruva\modal\ActionCase_Roo_Jpa_ActiveRecord.aj
E:\Development\Dhurva\Dhruva\src\main\java\com\systems\dhruva\modal\AppUser_Roo_Jpa_ActiveRecord.aj
E:\Development\Dhurva\Dhruva\src\main\java\com\systems\dhruva\modal\ActionStep_Roo_Jpa_ActiveRecord.aj
E:\Development\Dhurva\Dhruva\src\main\java\com\systems\dhruva\modal\ActionCase_Roo_JavaBean.aj
E:\Development\Dhurva\Dhruva\src\main\java\com\systems\dhruva\modal\ActionStep.java
E:\Development\Dhurva\Dhruva\src\main\java\com\systems\dhruva\modal\AppUser_Roo_ToString.aj
E:\Development\Dhurva\Dhruva\src\main\java\com\systems\dhruva\web\RemoteDesktopViewController.java
E:\Development\Dhurva\Dhruva\src\main\java\com\systems\dhruva\web\AppUserController_Roo_Controller.aj
E:\Development\Dhurva\Dhruva\src\main\java\com\systems\dhruva\modal\Client_Roo_JavaBean.aj
E:\Development\Dhurva\Dhruva\src\main\java\com\systems\dhruva\service\TestSuiteFacadeImpl.java
E:\Development\Dhurva\Dhruva\src\main\java\com\systems\dhruva\web\ClientController_Roo_Controller.aj
E:\Development\Dhurva\Dhruva\src\main\java\com\systems\dhruva\web\ApplicationConversionServiceFactoryBean.java
E:\Development\Dhurva\Dhruva\src\main\java\com\systems\dhruva\service\WebPageFacadeImpl.java
E:\Development\Dhurva\Dhruva\src\main\java\com\systems\dhruva\web\ClientController.java
E:\Development\Dhurva\Dhruva\src\main\java\com\systems\dhruva\common\util\ActionStepEnum.java
E:\Development\Dhurva\Dhruva\src\main\java\com\systems\dhruva\modal\AppUser_Roo_Configurable.aj
E:\Development\Dhurva\Dhruva\src\main\java\com\systems\dhruva\modal\FileUpload.java
E:\Development\Dhurva\Dhruva\src\main\java\com\systems\dhruva\modal\FileUpload_Roo_Jpa_Entity.aj
E:\Development\Dhurva\Dhruva\src\main\java\com\systems\dhruva\modal\ActionStep_Roo_Configurable.aj
E:\Development\Dhurva\Dhruva\src\main\java\com\systems\dhruva\modal\ActionCase.java
E:\Development\Dhurva\Dhruva\src\main\java\com\systems\dhruva\web\FileUploadController_Roo_Controller.aj
E:\Development\Dhurva\Dhruva\src\main\java\com\systems\dhruva\modal\AppUser_Roo_Jpa_Entity.aj
E:\Development\Dhurva\Dhruva\src\main\java\com\systems\dhruva\web\ApplicationConversionServiceFactoryBean_Roo_ConversionService.aj
E:\Development\Dhurva\Dhruva\src\main\java\com\systems\dhruva\modal\ActionCase_Roo_ToString.aj
E:\Development\Dhurva\Dhruva\src\main\java\com\systems\dhruva\modal\FileUpload_Roo_JavaBean.aj
E:\Development\Dhurva\Dhruva\src\main\java\com\systems\dhruva\modal\ActionCase_Roo_Jpa_Entity.aj
E:\Development\Dhurva\Dhruva\src\main\java\com\systems\dhruva\modal\ActionCase_Roo_Configurable.aj
E:\Development\Dhurva\Dhruva\src\main\java\com\systems\dhruva\modal\AppUser.java
E:\Development\Dhurva\Dhruva\src\main\java\com\systems\dhruva\modal\FileUpload_Roo_Jpa_ActiveRecord.aj
E:\Development\Dhurva\Dhruva\src\main\java\com\systems\dhruva\modal\Client_Roo_Jpa_Entity.aj
E:\Development\Dhurva\Dhruva\src\main\java\com\systems\dhruva\web\AppUserController.java
E:\Development\Dhurva\Dhruva\src\main\java\com\systems\dhruva\modal\AppUser_Roo_JavaBean.aj
E:\Development\Dhurva\Dhruva\src\main\java\com\systems\dhruva\modal\FileUpload_Roo_ToString.aj
E:\Development\Dhurva\Dhruva\src\main\java\com\systems\dhruva\modal\ActionStep_Roo_JavaBean.aj
E:\Development\Dhurva\Dhruva\src\main\java\com\systems\dhruva\service\TestSuiteFacade.java
E:\Development\Dhurva\Dhruva\src\main\java\com\systems\dhruva\service\BrowserFacade.java
E:\Development\Dhurva\Dhruva\src\main\java\com\systems\dhruva\modal\FileUpload_Roo_Configurable.aj
E:\Development\Dhurva\Dhruva\src\main\java\com\systems\dhruva\service\WebPageFacade.java
E:\Development\Dhurva\Dhruva\src\main\java\com\systems\dhruva\modal\Client_Roo_ToString.aj
E:\Development\Dhurva\Dhruva\src\main\java\com\systems\dhruva\modal\ActionStep_Roo_Jpa_Entity.aj
